{"/Users/udavig4/Git/coach-mark/src/js/component-owner.js": {"path":"/Users/udavig4/Git/coach-mark/src/js/component-owner.js","statementMap":{"0":{"start":{"line":48,"column":4},"end":{"line":48,"column":17}},"1":{"start":{"line":49,"column":4},"end":{"line":51,"column":6}},"2":{"start":{"line":52,"column":4},"end":{"line":52,"column":49}},"3":{"start":{"line":53,"column":4},"end":{"line":53,"column":55}},"4":{"start":{"line":54,"column":4},"end":{"line":54,"column":61}},"5":{"start":{"line":58,"column":4},"end":{"line":60,"column":5}},"6":{"start":{"line":59,"column":6},"end":{"line":59,"column":60}},"7":{"start":{"line":62,"column":4},"end":{"line":64,"column":5}},"8":{"start":{"line":63,"column":6},"end":{"line":63,"column":46}},"9":{"start":{"line":66,"column":4},"end":{"line":66,"column":58}},"10":{"start":{"line":71,"column":4},"end":{"line":73,"column":5}},"11":{"start":{"line":72,"column":6},"end":{"line":72,"column":34}},"12":{"start":{"line":75,"column":4},"end":{"line":75,"column":59}},"13":{"start":{"line":77,"column":4},"end":{"line":79,"column":5}},"14":{"start":{"line":78,"column":6},"end":{"line":78,"column":39}},"15":{"start":{"line":81,"column":4},"end":{"line":86,"column":5}},"16":{"start":{"line":83,"column":6},"end":{"line":85,"column":12}},"17":{"start":{"line":84,"column":8},"end":{"line":84,"column":66}},"18":{"start":{"line":88,"column":4},"end":{"line":88,"column":25}},"19":{"start":{"line":92,"column":4},"end":{"line":92,"column":61}},"20":{"start":{"line":93,"column":4},"end":{"line":93,"column":62}},"21":{"start":{"line":94,"column":4},"end":{"line":94,"column":61}},"22":{"start":{"line":96,"column":4},"end":{"line":98,"column":5}},"23":{"start":{"line":97,"column":6},"end":{"line":97,"column":67}},"24":{"start":{"line":102,"column":4},"end":{"line":104,"column":5}},"25":{"start":{"line":103,"column":6},"end":{"line":103,"column":24}},"26":{"start":{"line":108,"column":4},"end":{"line":113,"column":5}},"27":{"start":{"line":110,"column":6},"end":{"line":110,"column":24}},"28":{"start":{"line":112,"column":6},"end":{"line":112,"column":18}},"29":{"start":{"line":117,"column":23},"end":{"line":117,"column":33}},"30":{"start":{"line":120,"column":23},"end":{"line":120,"column":53}},"31":{"start":{"line":121,"column":24},"end":{"line":126,"column":7}},"32":{"start":{"line":128,"column":8},"end":{"line":129,"column":28}},"33":{"start":{"line":131,"column":24},"end":{"line":147,"column":5}},"34":{"start":{"line":133,"column":6},"end":{"line":146,"column":7}},"35":{"start":{"line":134,"column":8},"end":{"line":134,"column":41}},"36":{"start":{"line":137,"column":13},"end":{"line":146,"column":7}},"37":{"start":{"line":138,"column":8},"end":{"line":138,"column":65}},"38":{"start":{"line":142,"column":8},"end":{"line":145,"column":10}},"39":{"start":{"line":149,"column":27},"end":{"line":154,"column":5}},"40":{"start":{"line":152,"column":8},"end":{"line":152,"column":79}},"41":{"start":{"line":153,"column":6},"end":{"line":153,"column":58}},"42":{"start":{"line":157,"column":17},"end":{"line":157,"column":75}},"43":{"start":{"line":158,"column":22},"end":{"line":158,"column":41}},"44":{"start":{"line":160,"column":22},"end":{"line":178,"column":5}},"45":{"start":{"line":161,"column":6},"end":{"line":177,"column":7}},"46":{"start":{"line":162,"column":8},"end":{"line":162,"column":42}},"47":{"start":{"line":163,"column":13},"end":{"line":177,"column":7}},"48":{"start":{"line":164,"column":8},"end":{"line":174,"column":9}},"49":{"start":{"line":165,"column":10},"end":{"line":165,"column":53}},"50":{"start":{"line":166,"column":10},"end":{"line":170,"column":12}},"51":{"start":{"line":172,"column":10},"end":{"line":172,"column":50}},"52":{"start":{"line":173,"column":10},"end":{"line":173,"column":67}},"53":{"start":{"line":176,"column":8},"end":{"line":176,"column":65}},"54":{"start":{"line":180,"column":16},"end":{"line":180,"column":27}},"55":{"start":{"line":183,"column":4},"end":{"line":183,"column":65}},"56":{"start":{"line":184,"column":4},"end":{"line":184,"column":63}},"57":{"start":{"line":187,"column":17},"end":{"line":187,"column":62}},"58":{"start":{"line":188,"column":4},"end":{"line":190,"column":5}},"59":{"start":{"line":189,"column":6},"end":{"line":189,"column":71}},"60":{"start":{"line":193,"column":4},"end":{"line":212,"column":5}},"61":{"start":{"line":194,"column":6},"end":{"line":211,"column":7}},"62":{"start":{"line":195,"column":8},"end":{"line":195,"column":68}},"63":{"start":{"line":196,"column":8},"end":{"line":196,"column":44}},"64":{"start":{"line":197,"column":8},"end":{"line":197,"column":52}},"65":{"start":{"line":198,"column":8},"end":{"line":207,"column":9}},"66":{"start":{"line":202,"column":10},"end":{"line":202,"column":45}},"67":{"start":{"line":203,"column":10},"end":{"line":203,"column":48}},"68":{"start":{"line":205,"column":10},"end":{"line":205,"column":70}},"69":{"start":{"line":206,"column":10},"end":{"line":206,"column":46}},"70":{"start":{"line":209,"column":8},"end":{"line":209,"column":30}},"71":{"start":{"line":210,"column":8},"end":{"line":210,"column":55}},"72":{"start":{"line":215,"column":4},"end":{"line":227,"column":5}},"73":{"start":{"line":216,"column":6},"end":{"line":217,"column":66}},"74":{"start":{"line":218,"column":6},"end":{"line":218,"column":51}},"75":{"start":{"line":219,"column":6},"end":{"line":224,"column":7}},"76":{"start":{"line":220,"column":8},"end":{"line":220,"column":45}},"77":{"start":{"line":222,"column":8},"end":{"line":223,"column":68}},"78":{"start":{"line":226,"column":6},"end":{"line":226,"column":54}},"79":{"start":{"line":232,"column":4},"end":{"line":234,"column":5}},"80":{"start":{"line":233,"column":6},"end":{"line":233,"column":16}},"81":{"start":{"line":236,"column":17},"end":{"line":236,"column":58}},"82":{"start":{"line":238,"column":8},"end":{"line":239,"column":30}},"83":{"start":{"line":240,"column":23},"end":{"line":240,"column":73}},"84":{"start":{"line":243,"column":4},"end":{"line":253,"column":5}},"85":{"start":{"line":244,"column":6},"end":{"line":244,"column":38}},"86":{"start":{"line":245,"column":11},"end":{"line":253,"column":5}},"87":{"start":{"line":246,"column":6},"end":{"line":246,"column":41}},"88":{"start":{"line":247,"column":11},"end":{"line":253,"column":5}},"89":{"start":{"line":248,"column":6},"end":{"line":248,"column":51}},"90":{"start":{"line":249,"column":11},"end":{"line":253,"column":5}},"91":{"start":{"line":250,"column":6},"end":{"line":250,"column":50}},"92":{"start":{"line":252,"column":6},"end":{"line":252,"column":78}},"93":{"start":{"line":254,"column":4},"end":{"line":256,"column":5}},"94":{"start":{"line":255,"column":6},"end":{"line":255,"column":33}},"95":{"start":{"line":257,"column":4},"end":{"line":257,"column":21}},"96":{"start":{"line":261,"column":4},"end":{"line":268,"column":5}},"97":{"start":{"line":262,"column":6},"end":{"line":262,"column":40}},"98":{"start":{"line":263,"column":6},"end":{"line":265,"column":14}},"99":{"start":{"line":264,"column":8},"end":{"line":264,"column":29}},"100":{"start":{"line":267,"column":6},"end":{"line":267,"column":27}},"101":{"start":{"line":272,"column":22},"end":{"line":272,"column":41}},"102":{"start":{"line":273,"column":4},"end":{"line":346,"column":6}},"103":{"start":{"line":277,"column":12},"end":{"line":277,"column":34}},"104":{"start":{"line":291,"column":14},"end":{"line":291,"column":43}},"105":{"start":{"line":323,"column":16},"end":{"line":323,"column":36}}},"fnMap":{"0":{"name":"(anonymous_0)","decl":{"start":{"line":47,"column":2},"end":{"line":47,"column":3}},"loc":{"start":{"line":47,"column":21},"end":{"line":55,"column":3}},"line":47},"1":{"name":"(anonymous_1)","decl":{"start":{"line":57,"column":2},"end":{"line":57,"column":3}},"loc":{"start":{"line":57,"column":23},"end":{"line":67,"column":3}},"line":57},"2":{"name":"(anonymous_2)","decl":{"start":{"line":69,"column":2},"end":{"line":69,"column":3}},"loc":{"start":{"line":69,"column":22},"end":{"line":89,"column":3}},"line":69},"3":{"name":"(anonymous_3)","decl":{"start":{"line":83,"column":17},"end":{"line":83,"column":18}},"loc":{"start":{"line":83,"column":23},"end":{"line":85,"column":7}},"line":83},"4":{"name":"(anonymous_4)","decl":{"start":{"line":91,"column":2},"end":{"line":91,"column":3}},"loc":{"start":{"line":91,"column":25},"end":{"line":99,"column":3}},"line":91},"5":{"name":"(anonymous_5)","decl":{"start":{"line":101,"column":2},"end":{"line":101,"column":3}},"loc":{"start":{"line":101,"column":26},"end":{"line":105,"column":3}},"line":101},"6":{"name":"(anonymous_6)","decl":{"start":{"line":107,"column":2},"end":{"line":107,"column":3}},"loc":{"start":{"line":107,"column":18},"end":{"line":114,"column":3}},"line":107},"7":{"name":"(anonymous_7)","decl":{"start":{"line":116,"column":18},"end":{"line":116,"column":19}},"loc":{"start":{"line":116,"column":24},"end":{"line":228,"column":3}},"line":116},"8":{"name":"(anonymous_8)","decl":{"start":{"line":131,"column":24},"end":{"line":131,"column":25}},"loc":{"start":{"line":131,"column":30},"end":{"line":147,"column":5}},"line":131},"9":{"name":"(anonymous_9)","decl":{"start":{"line":149,"column":27},"end":{"line":149,"column":28}},"loc":{"start":{"line":149,"column":33},"end":{"line":154,"column":5}},"line":149},"10":{"name":"(anonymous_10)","decl":{"start":{"line":160,"column":22},"end":{"line":160,"column":23}},"loc":{"start":{"line":160,"column":28},"end":{"line":178,"column":5}},"line":160},"11":{"name":"(anonymous_11)","decl":{"start":{"line":231,"column":17},"end":{"line":231,"column":18}},"loc":{"start":{"line":231,"column":23},"end":{"line":258,"column":3}},"line":231},"12":{"name":"(anonymous_12)","decl":{"start":{"line":260,"column":2},"end":{"line":260,"column":3}},"loc":{"start":{"line":260,"column":15},"end":{"line":269,"column":3}},"line":260},"13":{"name":"(anonymous_13)","decl":{"start":{"line":263,"column":17},"end":{"line":263,"column":18}},"loc":{"start":{"line":263,"column":23},"end":{"line":265,"column":7}},"line":263},"14":{"name":"(anonymous_14)","decl":{"start":{"line":271,"column":2},"end":{"line":271,"column":3}},"loc":{"start":{"line":271,"column":11},"end":{"line":347,"column":3}},"line":271},"15":{"name":"(anonymous_15)","decl":{"start":{"line":276,"column":15},"end":{"line":276,"column":16}},"loc":{"start":{"line":276,"column":23},"end":{"line":278,"column":11}},"line":276},"16":{"name":"(anonymous_16)","decl":{"start":{"line":290,"column":17},"end":{"line":290,"column":18}},"loc":{"start":{"line":290,"column":25},"end":{"line":292,"column":13}},"line":290},"17":{"name":"(anonymous_17)","decl":{"start":{"line":322,"column":19},"end":{"line":322,"column":20}},"loc":{"start":{"line":322,"column":27},"end":{"line":324,"column":15}},"line":322}},"branchMap":{"0":{"loc":{"start":{"line":58,"column":4},"end":{"line":60,"column":5}},"type":"if","locations":[{"start":{"line":58,"column":4},"end":{"line":60,"column":5}},{"start":{"line":58,"column":4},"end":{"line":60,"column":5}}],"line":58},"1":{"loc":{"start":{"line":62,"column":4},"end":{"line":64,"column":5}},"type":"if","locations":[{"start":{"line":62,"column":4},"end":{"line":64,"column":5}},{"start":{"line":62,"column":4},"end":{"line":64,"column":5}}],"line":62},"2":{"loc":{"start":{"line":71,"column":4},"end":{"line":73,"column":5}},"type":"if","locations":[{"start":{"line":71,"column":4},"end":{"line":73,"column":5}},{"start":{"line":71,"column":4},"end":{"line":73,"column":5}}],"line":71},"3":{"loc":{"start":{"line":77,"column":4},"end":{"line":79,"column":5}},"type":"if","locations":[{"start":{"line":77,"column":4},"end":{"line":79,"column":5}},{"start":{"line":77,"column":4},"end":{"line":79,"column":5}}],"line":77},"4":{"loc":{"start":{"line":81,"column":4},"end":{"line":86,"column":5}},"type":"if","locations":[{"start":{"line":81,"column":4},"end":{"line":86,"column":5}},{"start":{"line":81,"column":4},"end":{"line":86,"column":5}}],"line":81},"5":{"loc":{"start":{"line":96,"column":4},"end":{"line":98,"column":5}},"type":"if","locations":[{"start":{"line":96,"column":4},"end":{"line":98,"column":5}},{"start":{"line":96,"column":4},"end":{"line":98,"column":5}}],"line":96},"6":{"loc":{"start":{"line":102,"column":4},"end":{"line":104,"column":5}},"type":"if","locations":[{"start":{"line":102,"column":4},"end":{"line":104,"column":5}},{"start":{"line":102,"column":4},"end":{"line":104,"column":5}}],"line":102},"7":{"loc":{"start":{"line":108,"column":4},"end":{"line":113,"column":5}},"type":"if","locations":[{"start":{"line":108,"column":4},"end":{"line":113,"column":5}},{"start":{"line":108,"column":4},"end":{"line":113,"column":5}}],"line":108},"8":{"loc":{"start":{"line":133,"column":6},"end":{"line":146,"column":7}},"type":"if","locations":[{"start":{"line":133,"column":6},"end":{"line":146,"column":7}},{"start":{"line":133,"column":6},"end":{"line":146,"column":7}}],"line":133},"9":{"loc":{"start":{"line":137,"column":13},"end":{"line":146,"column":7}},"type":"if","locations":[{"start":{"line":137,"column":13},"end":{"line":146,"column":7}},{"start":{"line":137,"column":13},"end":{"line":146,"column":7}}],"line":137},"10":{"loc":{"start":{"line":144,"column":11},"end":{"line":144,"column":62}},"type":"cond-expr","locations":[{"start":{"line":144,"column":54},"end":{"line":144,"column":56}},{"start":{"line":144,"column":59},"end":{"line":144,"column":62}}],"line":144},"11":{"loc":{"start":{"line":157,"column":17},"end":{"line":157,"column":75}},"type":"cond-expr","locations":[{"start":{"line":157,"column":43},"end":{"line":157,"column":56}},{"start":{"line":157,"column":59},"end":{"line":157,"column":75}}],"line":157},"12":{"loc":{"start":{"line":161,"column":6},"end":{"line":177,"column":7}},"type":"if","locations":[{"start":{"line":161,"column":6},"end":{"line":177,"column":7}},{"start":{"line":161,"column":6},"end":{"line":177,"column":7}}],"line":161},"13":{"loc":{"start":{"line":163,"column":13},"end":{"line":177,"column":7}},"type":"if","locations":[{"start":{"line":163,"column":13},"end":{"line":177,"column":7}},{"start":{"line":163,"column":13},"end":{"line":177,"column":7}}],"line":163},"14":{"loc":{"start":{"line":164,"column":8},"end":{"line":174,"column":9}},"type":"if","locations":[{"start":{"line":164,"column":8},"end":{"line":174,"column":9}},{"start":{"line":164,"column":8},"end":{"line":174,"column":9}}],"line":164},"15":{"loc":{"start":{"line":188,"column":4},"end":{"line":190,"column":5}},"type":"if","locations":[{"start":{"line":188,"column":4},"end":{"line":190,"column":5}},{"start":{"line":188,"column":4},"end":{"line":190,"column":5}}],"line":188},"16":{"loc":{"start":{"line":193,"column":4},"end":{"line":212,"column":5}},"type":"if","locations":[{"start":{"line":193,"column":4},"end":{"line":212,"column":5}},{"start":{"line":193,"column":4},"end":{"line":212,"column":5}}],"line":193},"17":{"loc":{"start":{"line":194,"column":6},"end":{"line":211,"column":7}},"type":"if","locations":[{"start":{"line":194,"column":6},"end":{"line":211,"column":7}},{"start":{"line":194,"column":6},"end":{"line":211,"column":7}}],"line":194},"18":{"loc":{"start":{"line":198,"column":8},"end":{"line":207,"column":9}},"type":"if","locations":[{"start":{"line":198,"column":8},"end":{"line":207,"column":9}},{"start":{"line":198,"column":8},"end":{"line":207,"column":9}}],"line":198},"19":{"loc":{"start":{"line":215,"column":4},"end":{"line":227,"column":5}},"type":"if","locations":[{"start":{"line":215,"column":4},"end":{"line":227,"column":5}},{"start":{"line":215,"column":4},"end":{"line":227,"column":5}}],"line":215},"20":{"loc":{"start":{"line":219,"column":6},"end":{"line":224,"column":7}},"type":"if","locations":[{"start":{"line":219,"column":6},"end":{"line":224,"column":7}},{"start":{"line":219,"column":6},"end":{"line":224,"column":7}}],"line":219},"21":{"loc":{"start":{"line":232,"column":4},"end":{"line":234,"column":5}},"type":"if","locations":[{"start":{"line":232,"column":4},"end":{"line":234,"column":5}},{"start":{"line":232,"column":4},"end":{"line":234,"column":5}}],"line":232},"22":{"loc":{"start":{"line":243,"column":4},"end":{"line":253,"column":5}},"type":"if","locations":[{"start":{"line":243,"column":4},"end":{"line":253,"column":5}},{"start":{"line":243,"column":4},"end":{"line":253,"column":5}}],"line":243},"23":{"loc":{"start":{"line":245,"column":11},"end":{"line":253,"column":5}},"type":"if","locations":[{"start":{"line":245,"column":11},"end":{"line":253,"column":5}},{"start":{"line":245,"column":11},"end":{"line":253,"column":5}}],"line":245},"24":{"loc":{"start":{"line":247,"column":11},"end":{"line":253,"column":5}},"type":"if","locations":[{"start":{"line":247,"column":11},"end":{"line":253,"column":5}},{"start":{"line":247,"column":11},"end":{"line":253,"column":5}}],"line":247},"25":{"loc":{"start":{"line":249,"column":11},"end":{"line":253,"column":5}},"type":"if","locations":[{"start":{"line":249,"column":11},"end":{"line":253,"column":5}},{"start":{"line":249,"column":11},"end":{"line":253,"column":5}}],"line":249},"26":{"loc":{"start":{"line":252,"column":18},"end":{"line":252,"column":77}},"type":"cond-expr","locations":[{"start":{"line":252,"column":33},"end":{"line":252,"column":52}},{"start":{"line":252,"column":55},"end":{"line":252,"column":77}}],"line":252},"27":{"loc":{"start":{"line":254,"column":4},"end":{"line":256,"column":5}},"type":"if","locations":[{"start":{"line":254,"column":4},"end":{"line":256,"column":5}},{"start":{"line":254,"column":4},"end":{"line":256,"column":5}}],"line":254},"28":{"loc":{"start":{"line":261,"column":4},"end":{"line":268,"column":5}},"type":"if","locations":[{"start":{"line":261,"column":4},"end":{"line":268,"column":5}},{"start":{"line":261,"column":4},"end":{"line":268,"column":5}}],"line":261},"29":{"loc":{"start":{"line":274,"column":22},"end":{"line":274,"column":47}},"type":"cond-expr","locations":[{"start":{"line":274,"column":38},"end":{"line":274,"column":42}},{"start":{"line":274,"column":45},"end":{"line":274,"column":47}}],"line":274},"30":{"loc":{"start":{"line":281,"column":12},"end":{"line":285,"column":43}},"type":"cond-expr","locations":[{"start":{"line":282,"column":16},"end":{"line":282,"column":57}},{"start":{"line":283,"column":16},"end":{"line":285,"column":43}}],"line":281},"31":{"loc":{"start":{"line":283,"column":16},"end":{"line":285,"column":43}},"type":"cond-expr","locations":[{"start":{"line":284,"column":18},"end":{"line":284,"column":60}},{"start":{"line":285,"column":18},"end":{"line":285,"column":43}}],"line":283},"32":{"loc":{"start":{"line":294,"column":14},"end":{"line":298,"column":61}},"type":"cond-expr","locations":[{"start":{"line":295,"column":18},"end":{"line":295,"column":56}},{"start":{"line":296,"column":18},"end":{"line":298,"column":61}}],"line":294},"33":{"loc":{"start":{"line":296,"column":18},"end":{"line":298,"column":61}},"type":"cond-expr","locations":[{"start":{"line":297,"column":20},"end":{"line":297,"column":61}},{"start":{"line":298,"column":20},"end":{"line":298,"column":61}}],"line":296},"34":{"loc":{"start":{"line":301,"column":13},"end":{"line":320,"column":13}},"type":"cond-expr","locations":[{"start":{"line":302,"column":14},"end":{"line":317,"column":23}},{"start":{"line":319,"column":14},"end":{"line":319,"column":21}}],"line":301},"35":{"loc":{"start":{"line":333,"column":15},"end":{"line":341,"column":15}},"type":"binary-expr","locations":[{"start":{"line":333,"column":15},"end":{"line":333,"column":31}},{"start":{"line":334,"column":16},"end":{"line":340,"column":25}}],"line":333}},"s":{"0":16,"1":16,"2":16,"3":16,"4":16,"5":16,"6":0,"7":16,"8":0,"9":16,"10":16,"11":0,"12":16,"13":16,"14":1,"15":16,"16":1,"17":0,"18":16,"19":16,"20":16,"21":16,"22":16,"23":1,"24":0,"25":0,"26":0,"27":0,"28":0,"29":15,"30":15,"31":15,"32":15,"33":15,"34":15,"35":1,"36":14,"37":1,"38":13,"39":15,"40":0,"41":0,"42":15,"43":15,"44":15,"45":15,"46":11,"47":4,"48":2,"49":2,"50":2,"51":0,"52":0,"53":2,"54":15,"55":15,"56":15,"57":15,"58":15,"59":0,"60":15,"61":1,"62":0,"63":0,"64":0,"65":0,"66":0,"67":0,"68":0,"69":0,"70":1,"71":1,"72":15,"73":0,"74":0,"75":0,"76":0,"77":0,"78":15,"79":32,"80":2,"81":30,"82":30,"83":30,"84":30,"85":2,"86":28,"87":2,"88":26,"89":2,"90":24,"91":2,"92":22,"93":30,"94":30,"95":0,"96":2,"97":0,"98":0,"99":0,"100":2,"101":17,"102":17,"103":34,"104":34,"105":34},"f":{"0":16,"1":16,"2":16,"3":0,"4":16,"5":0,"6":0,"7":15,"8":15,"9":0,"10":15,"11":32,"12":2,"13":0,"14":17,"15":34,"16":34,"17":34},"b":{"0":[0,16],"1":[0,16],"2":[0,16],"3":[1,15],"4":[1,15],"5":[1,15],"6":[0,0],"7":[0,0],"8":[1,14],"9":[1,13],"10":[12,1],"11":[15,0],"12":[11,4],"13":[2,2],"14":[2,0],"15":[0,15],"16":[1,14],"17":[0,1],"18":[0,0],"19":[0,15],"20":[0,0],"21":[2,30],"22":[2,28],"23":[2,26],"24":[2,24],"25":[2,22],"26":[0,22],"27":[30,0],"28":[0,2],"29":[0,17],"30":[1,16],"31":[0,16],"32":[1,16],"33":[1,15],"34":[16,1],"35":[17,1]},"_coverageSchema":"332fd63041d2c1bcb487cc26dd0d5f7d97098a6c","hash":"9250c9224d4948df149911515348fb03b11c2498"}
}
