TN:
SF:/Users/udavig4/Git/coach-mark/src/js/component-owner.js
FN:47,(anonymous_0)
FN:57,(anonymous_1)
FN:69,(anonymous_2)
FN:83,(anonymous_3)
FN:91,(anonymous_4)
FN:101,(anonymous_5)
FN:107,(anonymous_6)
FN:116,(anonymous_7)
FN:131,(anonymous_8)
FN:149,(anonymous_9)
FN:160,(anonymous_10)
FN:231,(anonymous_11)
FN:260,(anonymous_12)
FN:263,(anonymous_13)
FN:271,(anonymous_14)
FN:276,(anonymous_15)
FN:290,(anonymous_16)
FN:322,(anonymous_17)
FNF:18
FNH:13
FNDA:16,(anonymous_0)
FNDA:16,(anonymous_1)
FNDA:16,(anonymous_2)
FNDA:0,(anonymous_3)
FNDA:16,(anonymous_4)
FNDA:0,(anonymous_5)
FNDA:0,(anonymous_6)
FNDA:15,(anonymous_7)
FNDA:15,(anonymous_8)
FNDA:0,(anonymous_9)
FNDA:15,(anonymous_10)
FNDA:32,(anonymous_11)
FNDA:2,(anonymous_12)
FNDA:0,(anonymous_13)
FNDA:17,(anonymous_14)
FNDA:34,(anonymous_15)
FNDA:34,(anonymous_16)
FNDA:34,(anonymous_17)
DA:48,16
DA:49,16
DA:52,16
DA:53,16
DA:54,16
DA:58,16
DA:59,0
DA:62,16
DA:63,0
DA:66,16
DA:71,16
DA:72,0
DA:75,16
DA:77,16
DA:78,1
DA:81,16
DA:83,1
DA:84,0
DA:88,16
DA:92,16
DA:93,16
DA:94,16
DA:96,16
DA:97,1
DA:102,0
DA:103,0
DA:108,0
DA:110,0
DA:112,0
DA:117,15
DA:120,15
DA:121,15
DA:128,15
DA:131,15
DA:133,15
DA:134,1
DA:137,14
DA:138,1
DA:142,13
DA:149,15
DA:152,0
DA:153,0
DA:157,15
DA:158,15
DA:160,15
DA:161,15
DA:162,11
DA:163,4
DA:164,2
DA:165,2
DA:166,2
DA:172,0
DA:173,0
DA:176,2
DA:180,15
DA:183,15
DA:184,15
DA:187,15
DA:188,15
DA:189,0
DA:193,15
DA:194,1
DA:195,0
DA:196,0
DA:197,0
DA:198,0
DA:202,0
DA:203,0
DA:205,0
DA:206,0
DA:209,1
DA:210,1
DA:215,15
DA:216,0
DA:218,0
DA:219,0
DA:220,0
DA:222,0
DA:226,15
DA:232,32
DA:233,2
DA:236,30
DA:238,30
DA:240,30
DA:243,30
DA:244,2
DA:245,28
DA:246,2
DA:247,26
DA:248,2
DA:249,24
DA:250,2
DA:252,22
DA:254,30
DA:255,30
DA:257,0
DA:261,2
DA:262,0
DA:263,0
DA:264,0
DA:267,2
DA:272,17
DA:273,17
DA:277,34
DA:291,34
DA:323,34
LF:106
LH:75
BRDA:58,0,0,0
BRDA:58,0,1,16
BRDA:62,1,0,0
BRDA:62,1,1,16
BRDA:71,2,0,0
BRDA:71,2,1,16
BRDA:77,3,0,1
BRDA:77,3,1,15
BRDA:81,4,0,1
BRDA:81,4,1,15
BRDA:96,5,0,1
BRDA:96,5,1,15
BRDA:102,6,0,0
BRDA:102,6,1,0
BRDA:108,7,0,0
BRDA:108,7,1,0
BRDA:133,8,0,1
BRDA:133,8,1,14
BRDA:137,9,0,1
BRDA:137,9,1,13
BRDA:144,10,0,12
BRDA:144,10,1,1
BRDA:157,11,0,15
BRDA:157,11,1,0
BRDA:161,12,0,11
BRDA:161,12,1,4
BRDA:163,13,0,2
BRDA:163,13,1,2
BRDA:164,14,0,2
BRDA:164,14,1,0
BRDA:188,15,0,0
BRDA:188,15,1,15
BRDA:193,16,0,1
BRDA:193,16,1,14
BRDA:194,17,0,0
BRDA:194,17,1,1
BRDA:198,18,0,0
BRDA:198,18,1,0
BRDA:215,19,0,0
BRDA:215,19,1,15
BRDA:219,20,0,0
BRDA:219,20,1,0
BRDA:232,21,0,2
BRDA:232,21,1,30
BRDA:243,22,0,2
BRDA:243,22,1,28
BRDA:245,23,0,2
BRDA:245,23,1,26
BRDA:247,24,0,2
BRDA:247,24,1,24
BRDA:249,25,0,2
BRDA:249,25,1,22
BRDA:252,26,0,0
BRDA:252,26,1,22
BRDA:254,27,0,30
BRDA:254,27,1,0
BRDA:261,28,0,0
BRDA:261,28,1,2
BRDA:274,29,0,0
BRDA:274,29,1,17
BRDA:281,30,0,1
BRDA:281,30,1,16
BRDA:283,31,0,0
BRDA:283,31,1,16
BRDA:294,32,0,1
BRDA:294,32,1,16
BRDA:296,33,0,1
BRDA:296,33,1,15
BRDA:301,34,0,16
BRDA:301,34,1,1
BRDA:333,35,0,17
BRDA:333,35,1,1
BRF:72
BRH:51
end_of_record
